TN:
SF:src/core/NostrCommerce.ts
FN:10,(anonymous_0)
FN:20,(anonymous_1)
FN:29,(anonymous_2)
FN:44,(anonymous_3)
FN:55,(anonymous_4)
FN:69,(anonymous_5)
FN:82,(anonymous_6)
FN:82,(anonymous_7)
FN:91,(anonymous_8)
FN:94,(anonymous_9)
FN:100,(anonymous_10)
FNF:11
FNH:5
FNDA:5,(anonymous_0)
FNDA:0,(anonymous_1)
FNDA:0,(anonymous_2)
FNDA:0,(anonymous_3)
FNDA:0,(anonymous_4)
FNDA:4,(anonymous_5)
FNDA:0,(anonymous_6)
FNDA:0,(anonymous_7)
FNDA:6,(anonymous_8)
FNDA:1,(anonymous_9)
FNDA:5,(anonymous_10)
DA:1,1
DA:2,1
DA:5,1
DA:11,5
DA:12,5
DA:13,5
DA:14,5
DA:21,0
DA:22,0
DA:23,0
DA:30,0
DA:31,0
DA:32,0
DA:33,0
DA:34,0
DA:36,0
DA:45,0
DA:46,0
DA:48,0
DA:49,0
DA:56,0
DA:57,0
DA:58,0
DA:59,0
DA:61,0
DA:70,4
DA:76,4
DA:77,0
DA:79,0
DA:80,0
DA:82,0
DA:85,0
DA:92,6
DA:93,6
DA:94,6
DA:101,5
DA:102,5
DA:103,0
DA:105,5
LF:39
LH:15
BRDA:30,0,0,0
BRDA:30,0,1,0
BRDA:45,1,0,0
BRF:3
BRH:0
end_of_record
TN:
SF:src/core/errors.ts
FN:1,(anonymous_0)
FN:48,(anonymous_1)
FN:59,(anonymous_2)
FN:69,(anonymous_3)
FNF:4
FNH:4
FNDA:1,(anonymous_0)
FNDA:7,(anonymous_1)
FNDA:1,(anonymous_2)
FNDA:1,(anonymous_3)
DA:1,1
DA:3,1
DA:4,1
DA:5,1
DA:8,1
DA:9,1
DA:10,1
DA:13,1
DA:14,1
DA:15,1
DA:16,1
DA:19,1
DA:20,1
DA:21,1
DA:22,1
DA:25,1
DA:26,1
DA:27,1
DA:30,1
DA:31,1
DA:32,1
DA:43,1
DA:49,7
DA:50,7
DA:51,7
DA:52,7
DA:53,7
DA:56,7
DA:60,1
DA:70,1
DA:71,1
DA:72,1
LF:32
LH:32
BRDA:1,0,0,1
BRDA:1,0,1,1
BRF:2
BRH:2
end_of_record
TN:
SF:src/core/security.ts
FN:21,(anonymous_0)
FN:56,(anonymous_1)
FN:91,(anonymous_2)
FN:98,(anonymous_3)
FN:107,(anonymous_4)
FN:114,(anonymous_5)
FN:121,(anonymous_6)
FN:128,(anonymous_7)
FNF:8
FNH:6
FNDA:2,(anonymous_0)
FNDA:2,(anonymous_1)
FNDA:0,(anonymous_2)
FNDA:2,(anonymous_3)
FNDA:1,(anonymous_4)
FNDA:2,(anonymous_5)
FNDA:1,(anonymous_6)
FNDA:0,(anonymous_7)
DA:1,1
DA:2,1
DA:3,1
DA:5,1
DA:13,1
DA:14,1
DA:15,1
DA:16,1
DA:25,2
DA:26,2
DA:27,2
DA:29,2
DA:30,2
DA:32,2
DA:37,2
DA:39,2
DA:45,0
DA:60,2
DA:61,2
DA:62,2
DA:63,2
DA:65,2
DA:67,2
DA:68,2
DA:70,2
DA:71,2
DA:73,2
DA:78,1
DA:80,1
DA:92,0
DA:100,2
DA:101,2
DA:108,1
DA:115,2
DA:122,1
DA:129,0
LF:36
LH:33
BRDA:48,0,0,0
BRDA:48,0,1,0
BRDA:83,1,0,0
BRDA:83,1,1,1
BRF:4
BRH:1
end_of_record
TN:
SF:src/core/validation.ts
FN:9,(anonymous_0)
FN:12,(anonymous_1)
FN:17,(anonymous_2)
FN:33,(anonymous_3)
FN:37,(anonymous_4)
FN:41,(anonymous_5)
FN:49,sanitizeContent
FN:62,validatePaymentAmount
FN:94,(anonymous_8)
FN:99,(anonymous_9)
FN:107,(anonymous_10)
FN:129,(anonymous_11)
FN:134,(anonymous_12)
FNF:13
FNH:9
FNDA:1,(anonymous_0)
FNDA:3,(anonymous_1)
FNDA:3,(anonymous_2)
FNDA:3,(anonymous_3)
FNDA:2,(anonymous_4)
FNDA:2,(anonymous_5)
FNDA:0,sanitizeContent
FNDA:0,validatePaymentAmount
FNDA:3,(anonymous_8)
FNDA:8,(anonymous_9)
FNDA:7,(anonymous_10)
FNDA:0,(anonymous_11)
FNDA:0,(anonymous_12)
DA:2,1
DA:9,1
DA:10,1
DA:13,3
DA:14,3
DA:18,3
DA:19,7
DA:20,2
DA:31,1
DA:33,3
DA:37,2
DA:42,2
DA:43,2
DA:49,1
DA:51,0
DA:56,0
DA:58,0
DA:62,1
DA:63,0
DA:64,0
DA:71,0
DA:72,0
DA:79,0
DA:80,0
DA:89,1
DA:90,3
DA:95,3
DA:96,3
DA:100,8
DA:101,8
DA:104,8
DA:107,8
DA:110,8
DA:111,1
DA:124,7
DA:125,7
DA:130,0
DA:131,0
DA:133,0
DA:134,0
DA:135,0
DA:136,0
DA:138,0
DA:144,1
LF:44
LH:28
BRDA:19,0,0,2
BRDA:42,1,0,0
BRDA:43,2,0,2
BRDA:43,2,1,2
BRDA:63,3,0,0
BRDA:63,4,0,0
BRDA:63,4,1,0
BRDA:71,5,0,0
BRDA:79,6,0,0
BRDA:94,7,0,0
BRDA:94,8,0,0
BRDA:104,9,0,8
BRDA:104,9,1,3
BRDA:110,10,0,1
BRDA:135,11,0,0
BRDA:135,11,1,0
BRF:16
BRH:6
end_of_record
TN:
SF:src/modules/commerce/CommerceManager.ts
FN:8,(anonymous_0)
FN:17,(anonymous_1)
FN:36,(anonymous_2)
FN:56,(anonymous_3)
FN:67,(anonymous_4)
FN:74,(anonymous_5)
FN:77,(anonymous_6)
FN:95,(anonymous_7)
FNF:8
FNH:4
FNDA:5,(anonymous_0)
FNDA:2,(anonymous_1)
FNDA:1,(anonymous_2)
FNDA:0,(anonymous_3)
FNDA:5,(anonymous_4)
FNDA:0,(anonymous_5)
FNDA:0,(anonymous_6)
FNDA:0,(anonymous_7)
DA:4,1
DA:9,5
DA:10,5
DA:11,5
DA:18,2
DA:28,2
DA:29,0
DA:30,0
DA:37,1
DA:50,1
DA:57,0
DA:58,0
DA:59,0
DA:61,0
DA:68,5
DA:74,5
DA:75,0
DA:76,0
DA:77,0
DA:79,0
DA:80,0
DA:81,0
DA:82,0
DA:83,0
DA:87,0
DA:96,0
LF:26
LH:10
BRDA:58,0,0,0
BRDA:79,1,0,0
BRDA:79,2,0,0
BRDA:79,2,1,0
BRDA:81,3,0,0
BRF:5
BRH:0
end_of_record
TN:
SF:src/modules/interaction/InteractionManager.ts
FN:8,(anonymous_0)
FN:16,(anonymous_1)
FN:29,(anonymous_2)
FN:41,(anonymous_3)
FN:50,(anonymous_4)
FNF:5
FNH:4
FNDA:5,(anonymous_0)
FNDA:1,(anonymous_1)
FNDA:1,(anonymous_2)
FNDA:1,(anonymous_3)
FNDA:0,(anonymous_4)
DA:4,1
DA:9,5
DA:10,5
DA:17,1
DA:23,1
DA:30,1
DA:37,1
DA:38,1
DA:39,1
DA:41,1
DA:42,1
DA:43,1
DA:51,0
DA:52,0
DA:54,0
LF:15
LH:12
BRF:0
BRH:0
end_of_record
TN:
SF:tests/mocks/nostr-tools.ts
FN:29,(anonymous_0)
FN:30,(anonymous_1)
FN:37,(anonymous_2)
FN:49,(anonymous_3)
FNF:4
FNH:0
FNDA:0,(anonymous_0)
FNDA:0,(anonymous_1)
FNDA:0,(anonymous_2)
FNDA:0,(anonymous_3)
DA:3,1
DA:13,1
DA:23,1
DA:29,1
DA:30,0
DA:37,1
DA:50,0
LF:7
LH:5
BRF:0
BRH:0
end_of_record
