TN:
SF:src/core/NostrCommerce.ts
FN:24,(anonymous_0)
FN:56,(anonymous_1)
FN:60,(anonymous_2)
FN:77,(anonymous_3)
FN:100,(anonymous_4)
FN:104,(anonymous_5)
FN:114,(anonymous_6)
FN:118,(anonymous_7)
FN:121,(anonymous_8)
FN:123,(anonymous_9)
FN:130,(anonymous_10)
FN:132,(anonymous_11)
FN:156,(anonymous_12)
FNF:13
FNH:4
FNDA:5,(anonymous_0)
FNDA:0,(anonymous_1)
FNDA:0,(anonymous_2)
FNDA:0,(anonymous_3)
FNDA:5,(anonymous_4)
FNDA:5,(anonymous_5)
FNDA:0,(anonymous_6)
FNDA:0,(anonymous_7)
FNDA:0,(anonymous_8)
FNDA:0,(anonymous_9)
FNDA:0,(anonymous_10)
FNDA:0,(anonymous_11)
FNDA:5,(anonymous_12)
DA:1,1
DA:2,1
DA:3,1
DA:5,1
DA:6,1
DA:7,1
DA:8,1
DA:18,1
DA:21,5
DA:22,5
DA:24,5
DA:25,5
DA:27,5
DA:40,5
DA:50,5
DA:57,0
DA:59,0
DA:61,0
DA:62,0
DA:66,0
DA:67,0
DA:69,0
DA:70,0
DA:78,0
DA:87,0
DA:90,0
DA:91,0
DA:94,0
DA:101,5
DA:102,5
DA:104,5
DA:105,5
DA:106,5
DA:107,5
DA:113,0
DA:114,0
DA:115,0
DA:116,0
DA:118,0
DA:121,0
DA:122,0
DA:123,0
DA:131,0
DA:132,0
DA:133,0
DA:134,0
DA:135,0
DA:140,0
DA:143,0
DA:144,0
DA:145,0
DA:147,0
DA:148,0
DA:149,0
DA:157,5
DA:158,5
DA:159,5
DA:160,5
DA:161,5
DA:162,5
LF:60
LH:27
BRDA:28,0,0,5
BRDA:28,0,1,5
BRDA:41,1,0,5
BRDA:41,1,1,5
BRDA:82,2,0,0
BRDA:82,2,1,0
BRDA:83,3,0,0
BRDA:83,3,1,0
BRDA:106,4,0,5
BRDA:134,5,0,0
BRF:10
BRH:5
end_of_record
TN:
SF:src/core/connection.ts
FN:24,(anonymous_0)
FN:36,(anonymous_1)
FN:42,(anonymous_2)
FN:70,(anonymous_3)
FN:83,(anonymous_4)
FN:84,(anonymous_5)
FN:116,(anonymous_6)
FN:133,(anonymous_7)
FN:137,(anonymous_8)
FN:141,(anonymous_9)
FN:145,(anonymous_10)
FN:149,(anonymous_11)
FN:156,(anonymous_12)
FNF:13
FNH:13
FNDA:16,(anonymous_0)
FNDA:10,(anonymous_1)
FNDA:13,(anonymous_2)
FNDA:11,(anonymous_3)
FNDA:11,(anonymous_4)
FNDA:7,(anonymous_5)
FNDA:10,(anonymous_6)
FNDA:5,(anonymous_7)
FNDA:2,(anonymous_8)
FNDA:5,(anonymous_9)
FNDA:1,(anonymous_10)
FNDA:1,(anonymous_11)
FNDA:16,(anonymous_12)
DA:1,2
DA:2,2
DA:3,2
DA:4,2
DA:18,2
DA:19,16
DA:20,16
DA:21,16
DA:25,16
DA:28,16
DA:36,16
DA:43,13
DA:45,13
DA:46,12
DA:47,1
DA:53,11
DA:54,11
DA:56,11
DA:57,11
DA:59,5
DA:60,5
DA:64,7
DA:71,11
DA:73,11
DA:74,0
DA:81,11
DA:82,11
DA:83,11
DA:84,11
DA:85,7
DA:93,11
DA:95,6
DA:96,6
DA:98,6
DA:100,5
DA:101,5
DA:103,5
DA:109,5
DA:117,10
DA:118,0
DA:120,0
DA:121,0
DA:122,0
DA:124,0
DA:134,5
DA:138,2
DA:142,5
DA:146,1
DA:150,1
DA:157,16
DA:158,6
DA:159,6
DA:160,6
DA:161,6
DA:162,6
DA:164,0
LF:56
LH:49
BRDA:45,0,0,12
BRDA:46,1,0,1
BRDA:71,2,0,11
BRDA:71,2,1,8
BRDA:73,3,0,0
BRDA:120,4,0,0
BRF:6
BRH:4
end_of_record
TN:
SF:src/core/errors.ts
FN:1,(anonymous_0)
FN:55,(anonymous_1)
FN:66,(anonymous_2)
FN:76,(anonymous_3)
FNF:4
FNH:4
FNDA:5,(anonymous_0)
FNDA:27,(anonymous_1)
FNDA:22,(anonymous_2)
FNDA:1,(anonymous_3)
DA:1,5
DA:3,5
DA:4,5
DA:5,5
DA:6,5
DA:9,5
DA:10,5
DA:11,5
DA:12,5
DA:15,5
DA:16,5
DA:17,5
DA:20,5
DA:21,5
DA:22,5
DA:23,5
DA:26,5
DA:27,5
DA:28,5
DA:29,5
DA:32,5
DA:33,5
DA:34,5
DA:37,5
DA:38,5
DA:39,5
DA:50,5
DA:56,27
DA:57,27
DA:58,27
DA:59,27
DA:60,27
DA:63,27
DA:67,22
DA:77,1
DA:78,1
DA:79,1
LF:37
LH:37
BRDA:1,0,0,5
BRDA:1,0,1,5
BRF:2
BRH:2
end_of_record
TN:
SF:src/core/logging.ts
FN:28,(anonymous_1)
FN:75,requestLogger
FN:76,(anonymous_3)
FN:92,(anonymous_4)
FN:109,(anonymous_5)
FN:113,(anonymous_6)
FN:130,(anonymous_7)
FNF:7
FNH:1
FNDA:110,(anonymous_1)
FNDA:0,requestLogger
FNDA:0,(anonymous_3)
FNDA:0,(anonymous_4)
FNDA:0,(anonymous_5)
FNDA:0,(anonymous_6)
FNDA:0,(anonymous_7)
DA:1,5
DA:2,5
DA:4,5
DA:7,5
DA:16,5
DA:25,5
DA:28,5
DA:29,110
DA:31,110
DA:32,16
DA:33,16
DA:34,16
DA:35,4
DA:39,110
DA:40,72
DA:43,110
DA:47,5
DA:75,5
DA:76,0
DA:77,0
DA:79,0
DA:80,0
DA:83,0
DA:92,0
DA:93,0
DA:94,0
DA:101,0
DA:106,5
DA:107,5
DA:110,0
DA:114,0
DA:115,0
DA:116,0
DA:119,0
DA:120,0
DA:122,0
DA:127,0
DA:134,0
DA:135,0
DA:136,0
DA:137,0
DA:138,0
DA:140,0
DA:141,0
LF:44
LH:20
BRDA:31,0,0,16
BRDA:34,1,0,4
BRDA:39,2,0,72
BRDA:49,3,0,5
BRDA:49,3,1,5
BRDA:75,4,0,0
BRDA:77,5,0,0
BRDA:115,6,0,0
BRF:8
BRH:5
end_of_record
TN:
SF:src/core/middleware.ts
FN:9,(anonymous_0)
FN:12,(anonymous_1)
FN:17,(anonymous_2)
FN:20,(anonymous_3)
FN:37,(anonymous_4)
FN:73,(anonymous_5)
FN:87,(anonymous_6)
FN:112,(anonymous_7)
FNF:8
FNH:7
FNDA:11,(anonymous_0)
FNDA:13,(anonymous_1)
FNDA:11,(anonymous_2)
FNDA:19,(anonymous_3)
FNDA:3,(anonymous_4)
FNDA:2,(anonymous_5)
FNDA:3,(anonymous_6)
FNDA:0,(anonymous_7)
DA:1,1
DA:3,1
DA:9,1
DA:10,11
DA:13,13
DA:14,13
DA:18,11
DA:20,11
DA:21,19
DA:22,12
DA:23,12
DA:27,11
DA:28,11
DA:30,4
DA:31,4
DA:37,1
DA:38,3
DA:39,1
DA:40,1
DA:44,2
DA:45,1
DA:53,1
DA:54,0
DA:62,1
DA:63,0
DA:70,1
DA:73,1
DA:74,2
DA:76,1
DA:84,2
DA:87,1
DA:88,3
DA:89,3
DA:90,1
DA:91,1
DA:94,2
DA:95,1
DA:102,1
DA:103,0
DA:109,1
DA:112,1
DA:113,0
DA:115,0
DA:116,0
DA:118,0
DA:123,0
DA:128,0
LF:47
LH:38
BRDA:21,0,0,12
BRDA:38,1,0,1
BRDA:44,2,0,1
BRDA:44,3,0,2
BRDA:44,3,1,1
BRDA:53,4,0,0
BRDA:53,5,0,1
BRDA:53,5,1,1
BRDA:62,6,0,0
BRDA:74,7,0,1
BRDA:89,8,0,1
BRDA:94,9,0,1
BRDA:94,10,0,2
BRDA:94,10,1,2
BRDA:102,11,0,0
BRF:15
BRH:12
end_of_record
TN:
SF:src/core/queue.ts
FN:25,(anonymous_0)
FN:32,(anonymous_1)
FN:39,(anonymous_2)
FN:84,(anonymous_3)
FN:85,(anonymous_4)
FN:91,(anonymous_5)
FN:109,(anonymous_6)
FN:110,(anonymous_7)
FN:149,(anonymous_8)
FN:163,(anonymous_9)
FN:178,(anonymous_10)
FNF:11
FNH:11
FNDA:14,(anonymous_0)
FNDA:14,(anonymous_1)
FNDA:15,(anonymous_2)
FNDA:18,(anonymous_3)
FNDA:9,(anonymous_4)
FNDA:9,(anonymous_5)
FNDA:15,(anonymous_6)
FNDA:14,(anonymous_7)
FNDA:4,(anonymous_8)
FNDA:3,(anonymous_9)
FNDA:14,(anonymous_10)
DA:1,2
DA:2,2
DA:3,2
DA:20,2
DA:21,14
DA:22,14
DA:23,14
DA:25,14
DA:26,14
DA:33,14
DA:40,15
DA:41,0
DA:48,15
DA:49,1
DA:56,14
DA:64,14
DA:65,14
DA:67,14
DA:74,14
DA:75,9
DA:78,14
DA:85,18
DA:92,9
DA:94,9
DA:96,9
DA:97,9
DA:98,15
DA:99,15
DA:101,15
DA:102,0
DA:103,0
DA:106,15
DA:107,15
DA:110,15
DA:111,14
DA:117,7
DA:118,7
DA:120,7
DA:124,7
DA:126,7
DA:128,3
DA:129,3
DA:131,3
DA:138,4
DA:139,4
DA:140,4
DA:142,4
DA:149,4
DA:150,4
DA:156,8
DA:168,3
DA:179,14
DA:180,14
DA:181,14
LF:54
LH:51
BRDA:39,0,0,12
BRDA:40,1,0,0
BRDA:48,2,0,1
BRDA:74,3,0,9
BRDA:92,4,0,0
BRDA:92,5,0,9
BRDA:92,5,1,9
BRDA:101,6,0,0
BRDA:126,7,0,3
BRDA:126,7,1,4
BRF:10
BRH:7
end_of_record
TN:
SF:src/core/security.ts
FN:21,(anonymous_0)
FN:56,(anonymous_1)
FN:91,(anonymous_2)
FN:98,(anonymous_3)
FN:107,(anonymous_4)
FN:114,(anonymous_5)
FN:121,(anonymous_6)
FN:128,(anonymous_7)
FNF:8
FNH:6
FNDA:2,(anonymous_0)
FNDA:2,(anonymous_1)
FNDA:0,(anonymous_2)
FNDA:2,(anonymous_3)
FNDA:1,(anonymous_4)
FNDA:2,(anonymous_5)
FNDA:1,(anonymous_6)
FNDA:0,(anonymous_7)
DA:1,1
DA:2,1
DA:3,1
DA:5,1
DA:13,1
DA:14,1
DA:15,1
DA:16,1
DA:25,2
DA:26,2
DA:27,2
DA:29,2
DA:30,2
DA:32,2
DA:37,2
DA:39,2
DA:45,0
DA:60,2
DA:61,2
DA:62,2
DA:63,2
DA:65,2
DA:67,2
DA:68,2
DA:70,2
DA:71,2
DA:73,2
DA:78,1
DA:80,1
DA:92,0
DA:100,2
DA:101,2
DA:108,1
DA:115,2
DA:122,1
DA:129,0
LF:36
LH:33
BRDA:48,0,0,0
BRDA:48,0,1,0
BRDA:83,1,0,0
BRDA:83,1,1,1
BRF:4
BRH:1
end_of_record
TN:
SF:src/core/validation.ts
FN:10,(anonymous_0)
FN:13,(anonymous_1)
FN:18,(anonymous_2)
FN:37,(anonymous_3)
FN:41,(anonymous_4)
FN:45,(anonymous_5)
FN:53,sanitizeContent
FN:68,validatePaymentAmount
FN:100,(anonymous_8)
FN:105,(anonymous_9)
FN:113,(anonymous_10)
FN:141,(anonymous_11)
FN:146,(anonymous_12)
FNF:13
FNH:9
FNDA:2,(anonymous_0)
FNDA:6,(anonymous_1)
FNDA:3,(anonymous_2)
FNDA:3,(anonymous_3)
FNDA:2,(anonymous_4)
FNDA:2,(anonymous_5)
FNDA:0,sanitizeContent
FNDA:0,validatePaymentAmount
FNDA:3,(anonymous_8)
FNDA:8,(anonymous_9)
FNDA:7,(anonymous_10)
FNDA:0,(anonymous_11)
FNDA:0,(anonymous_12)
DA:1,2
DA:3,2
DA:10,2
DA:11,2
DA:14,6
DA:15,6
DA:19,3
DA:20,7
DA:21,2
DA:32,2
DA:35,2
DA:37,3
DA:41,2
DA:46,2
DA:47,2
DA:53,2
DA:54,0
DA:57,0
DA:62,0
DA:64,0
DA:68,2
DA:69,0
DA:70,0
DA:77,0
DA:78,0
DA:85,0
DA:86,0
DA:95,2
DA:96,3
DA:101,3
DA:102,3
DA:106,8
DA:107,8
DA:110,8
DA:113,8
DA:116,8
DA:117,1
DA:130,7
DA:131,7
DA:133,7
DA:142,0
DA:143,0
DA:145,0
DA:146,0
DA:147,0
DA:148,0
DA:150,0
DA:154,0
LF:48
LH:30
BRDA:20,0,0,2
BRDA:46,1,0,0
BRDA:47,2,0,2
BRDA:47,2,1,2
BRDA:54,3,0,0
BRDA:69,4,0,0
BRDA:69,5,0,0
BRDA:69,5,1,0
BRDA:77,6,0,0
BRDA:85,7,0,0
BRDA:100,8,0,0
BRDA:100,9,0,0
BRDA:110,10,0,8
BRDA:110,10,1,3
BRDA:116,11,0,1
BRDA:147,12,0,0
BRDA:147,12,1,0
BRF:17
BRH:6
end_of_record
TN:
SF:src/modules/commerce/CommerceManager.ts
FN:8,(anonymous_0)
FN:17,(anonymous_1)
FN:36,(anonymous_2)
FN:56,(anonymous_3)
FN:67,(anonymous_4)
FN:74,(anonymous_5)
FN:77,(anonymous_6)
FN:95,(anonymous_7)
FNF:8
FNH:2
FNDA:5,(anonymous_0)
FNDA:0,(anonymous_1)
FNDA:0,(anonymous_2)
FNDA:0,(anonymous_3)
FNDA:5,(anonymous_4)
FNDA:0,(anonymous_5)
FNDA:0,(anonymous_6)
FNDA:0,(anonymous_7)
DA:4,1
DA:9,5
DA:10,5
DA:11,5
DA:18,0
DA:28,0
DA:29,0
DA:30,0
DA:37,0
DA:50,0
DA:57,0
DA:58,0
DA:59,0
DA:61,0
DA:68,5
DA:74,5
DA:75,0
DA:76,0
DA:77,0
DA:79,0
DA:80,0
DA:81,0
DA:82,0
DA:83,0
DA:87,0
DA:96,0
LF:26
LH:6
BRDA:58,0,0,0
BRDA:79,1,0,0
BRDA:79,2,0,0
BRDA:79,2,1,0
BRDA:81,3,0,0
BRF:5
BRH:0
end_of_record
TN:
SF:src/modules/interaction/InteractionManager.ts
FN:8,(anonymous_0)
FN:16,(anonymous_1)
FN:29,(anonymous_2)
FN:41,(anonymous_3)
FN:50,(anonymous_4)
FNF:5
FNH:1
FNDA:5,(anonymous_0)
FNDA:0,(anonymous_1)
FNDA:0,(anonymous_2)
FNDA:0,(anonymous_3)
FNDA:0,(anonymous_4)
DA:4,1
DA:9,5
DA:10,5
DA:17,0
DA:23,0
DA:30,0
DA:37,0
DA:38,0
DA:39,0
DA:41,0
DA:42,0
DA:43,0
DA:51,0
DA:52,0
DA:54,0
LF:15
LH:3
BRF:0
BRH:0
end_of_record
TN:
SF:tests/mocks/nostr-tools.ts
FN:35,(anonymous_0)
FN:28,(anonymous_1)
FN:30,(anonymous_2)
FN:31,(anonymous_3)
FNF:4
FNH:0
FNDA:0,(anonymous_0)
FNDA:0,(anonymous_1)
FNDA:0,(anonymous_2)
FNDA:0,(anonymous_3)
DA:3,3
DA:4,3
DA:6,3
DA:16,3
DA:27,3
DA:28,0
DA:30,0
DA:31,0
DA:35,3
LF:9
LH:6
BRF:0
BRH:0
end_of_record
